<?xml version="1.0" encoding="UTF-8"?>
<testng-results ignored="0" total="1" passed="1" failed="0" skipped="0">
  <reporter-output>
  </reporter-output>
  <suite started-at="2024-06-03T13:30:12 IST" name="Suite" finished-at="2024-06-03T13:30:12 IST" duration-ms="45">
    <groups>
    </groups>
    <test started-at="2024-06-03T13:30:12 IST" name="Test" finished-at="2024-06-03T13:30:12 IST" duration-ms="45">
      <class name="Home.HomeTest">
        <test-method signature="f()[pri:0, instance:Home.HomeTest@783a467b]" started-at="2024-06-03T13:30:12 IST" name="f" finished-at="2024-06-03T13:30:12 IST" duration-ms="8" status="PASS">
          <reporter-output>
          </reporter-output>
        </test-method> <!-- f -->
      </class> <!-- Home.HomeTest -->
    </test> <!-- Test -->
  </suite> <!-- Suite -->
</testng-results>
