<?xml version="1.0" encoding="UTF-8"?>
<testng-results ignored="0" total="2" passed="2" failed="0" skipped="0">
  <reporter-output>
  </reporter-output>
  <suite started-at="2024-06-03T18:03:49 IST" name="Suite" finished-at="2024-06-03T18:03:54 IST" duration-ms="4484">
    <groups>
    </groups>
    <test started-at="2024-06-03T18:03:49 IST" name="Test" finished-at="2024-06-03T18:03:54 IST" duration-ms="4484">
      <class name="Home.HomeTest">
        <test-method is-config="true" signature="testSetup()[pri:0, instance:Home.HomeTest@4387b79e]" started-at="2024-06-03T18:03:45 IST" name="testSetup" finished-at="2024-06-03T18:03:48 IST" duration-ms="2347" status="PASS">
          <reporter-output>
          </reporter-output>
        </test-method> <!-- testSetup -->
        <test-method signature="f()[pri:0, instance:Home.HomeTest@4387b79e]" started-at="2024-06-03T18:03:49 IST" name="f" finished-at="2024-06-03T18:03:51 IST" duration-ms="2227" status="PASS">
          <reporter-output>
          </reporter-output>
        </test-method> <!-- f -->
        <test-method is-config="true" signature="tearDown()[pri:0, instance:Home.HomeTest@4387b79e]" started-at="2024-06-03T18:03:54 IST" name="tearDown" finished-at="2024-06-03T18:03:54 IST" duration-ms="619" status="PASS">
          <reporter-output>
          </reporter-output>
        </test-method> <!-- tearDown -->
      </class> <!-- Home.HomeTest -->
      <class name="Search.SearchTest">
        <test-method is-config="true" signature="testSetup()[pri:0, instance:Search.SearchTest@7ea37dbf]" started-at="2024-06-03T18:03:48 IST" name="testSetup" finished-at="2024-06-03T18:03:49 IST" duration-ms="1311" status="PASS">
          <reporter-output>
          </reporter-output>
        </test-method> <!-- testSetup -->
        <test-method signature="f()[pri:0, instance:Search.SearchTest@7ea37dbf]" started-at="2024-06-03T18:03:51 IST" name="f" finished-at="2024-06-03T18:03:54 IST" duration-ms="2204" status="PASS">
          <reporter-output>
          </reporter-output>
        </test-method> <!-- f -->
        <test-method is-config="true" signature="tearDown()[pri:0, instance:Search.SearchTest@7ea37dbf]" started-at="2024-06-03T18:03:54 IST" name="tearDown" finished-at="2024-06-03T18:03:55 IST" duration-ms="421" status="PASS">
          <reporter-output>
          </reporter-output>
        </test-method> <!-- tearDown -->
      </class> <!-- Search.SearchTest -->
    </test> <!-- Test -->
  </suite> <!-- Suite -->
</testng-results>
